Vivado Simulator 2018.3
Copyright 1986-1999, 2001-2018 Xilinx, Inc. All Rights Reserved.
Running: C:/Xilinx/Vivado/2018.3/bin/unwrapped/win64.o/xelab.exe -wto 5279406d3d7e4b819ae29305e9b4caad --incr --debug typical --relax --mt 2 -L xil_defaultlib -L unisims_ver -L unimacro_ver -L secureip --snapshot simu_behav xil_defaultlib.simu xil_defaultlib.glbl -log elaborate.log 
Using 2 slave threads.
Starting static elaboration
Completed static elaboration
Starting simulation data flow analysis
WARNING: [XSIM 43-4099] "G:/ECN_104/main.v" Line 1. Module adder_20 doesn't have a timescale but at least one module in design has a timescale.
WARNING: [XSIM 43-4099] "G:/ECN_104/main.v" Line 134. Module pre_process doesn't have a timescale but at least one module in design has a timescale.
WARNING: [XSIM 43-4099] "G:/ECN_104/main.v" Line 134. Module pre_process doesn't have a timescale but at least one module in design has a timescale.
WARNING: [XSIM 43-4099] "G:/ECN_104/main.v" Line 134. Module pre_process doesn't have a timescale but at least one module in design has a timescale.
WARNING: [XSIM 43-4099] "G:/ECN_104/main.v" Line 134. Module pre_process doesn't have a timescale but at least one module in design has a timescale.
WARNING: [XSIM 43-4099] "G:/ECN_104/main.v" Line 134. Module pre_process doesn't have a timescale but at least one module in design has a timescale.
WARNING: [XSIM 43-4099] "G:/ECN_104/main.v" Line 134. Module pre_process doesn't have a timescale but at least one module in design has a timescale.
WARNING: [XSIM 43-4099] "G:/ECN_104/main.v" Line 134. Module pre_process doesn't have a timescale but at least one module in design has a timescale.
WARNING: [XSIM 43-4099] "G:/ECN_104/main.v" Line 134. Module pre_process doesn't have a timescale but at least one module in design has a timescale.
WARNING: [XSIM 43-4099] "G:/ECN_104/main.v" Line 134. Module pre_process doesn't have a timescale but at least one module in design has a timescale.
WARNING: [XSIM 43-4099] "G:/ECN_104/main.v" Line 134. Module pre_process doesn't have a timescale but at least one module in design has a timescale.
WARNING: [XSIM 43-4099] "G:/ECN_104/main.v" Line 134. Module pre_process doesn't have a timescale but at least one module in design has a timescale.
WARNING: [XSIM 43-4099] "G:/ECN_104/main.v" Line 134. Module pre_process doesn't have a timescale but at least one module in design has a timescale.
WARNING: [XSIM 43-4099] "G:/ECN_104/main.v" Line 134. Module pre_process doesn't have a timescale but at least one module in design has a timescale.
WARNING: [XSIM 43-4099] "G:/ECN_104/main.v" Line 134. Module pre_process doesn't have a timescale but at least one module in design has a timescale.
WARNING: [XSIM 43-4099] "G:/ECN_104/main.v" Line 134. Module pre_process doesn't have a timescale but at least one module in design has a timescale.
WARNING: [XSIM 43-4099] "G:/ECN_104/main.v" Line 134. Module pre_process doesn't have a timescale but at least one module in design has a timescale.
WARNING: [XSIM 43-4099] "G:/ECN_104/main.v" Line 134. Module pre_process doesn't have a timescale but at least one module in design has a timescale.
WARNING: [XSIM 43-4099] "G:/ECN_104/main.v" Line 134. Module pre_process doesn't have a timescale but at least one module in design has a timescale.
WARNING: [XSIM 43-4099] "G:/ECN_104/main.v" Line 134. Module pre_process doesn't have a timescale but at least one module in design has a timescale.
WARNING: [XSIM 43-4099] "G:/ECN_104/main.v" Line 134. Module pre_process doesn't have a timescale but at least one module in design has a timescale.
WARNING: [XSIM 43-4099] "G:/ECN_104/main.v" Line 48. Module han_carlson doesn't have a timescale but at least one module in design has a timescale.
WARNING: [XSIM 43-4099] "G:/ECN_104/main.v" Line 149. Module black doesn't have a timescale but at least one module in design has a timescale.
WARNING: [XSIM 43-4099] "G:/ECN_104/main.v" Line 149. Module black doesn't have a timescale but at least one module in design has a timescale.
WARNING: [XSIM 43-4099] "G:/ECN_104/main.v" Line 149. Module black doesn't have a timescale but at least one module in design has a timescale.
WARNING: [XSIM 43-4099] "G:/ECN_104/main.v" Line 149. Module black doesn't have a timescale but at least one module in design has a timescale.
WARNING: [XSIM 43-4099] "G:/ECN_104/main.v" Line 149. Module black doesn't have a timescale but at least one module in design has a timescale.
WARNING: [XSIM 43-4099] "G:/ECN_104/main.v" Line 149. Module black doesn't have a timescale but at least one module in design has a timescale.
WARNING: [XSIM 43-4099] "G:/ECN_104/main.v" Line 149. Module black doesn't have a timescale but at least one module in design has a timescale.
WARNING: [XSIM 43-4099] "G:/ECN_104/main.v" Line 149. Module black doesn't have a timescale but at least one module in design has a timescale.
WARNING: [XSIM 43-4099] "G:/ECN_104/main.v" Line 149. Module black doesn't have a timescale but at least one module in design has a timescale.
WARNING: [XSIM 43-4099] "G:/ECN_104/main.v" Line 141. Module grey doesn't have a timescale but at least one module in design has a timescale.
WARNING: [XSIM 43-4099] "G:/ECN_104/main.v" Line 149. Module black doesn't have a timescale but at least one module in design has a timescale.
WARNING: [XSIM 43-4099] "G:/ECN_104/main.v" Line 149. Module black doesn't have a timescale but at least one module in design has a timescale.
WARNING: [XSIM 43-4099] "G:/ECN_104/main.v" Line 149. Module black doesn't have a timescale but at least one module in design has a timescale.
WARNING: [XSIM 43-4099] "G:/ECN_104/main.v" Line 149. Module black doesn't have a timescale but at least one module in design has a timescale.
WARNING: [XSIM 43-4099] "G:/ECN_104/main.v" Line 149. Module black doesn't have a timescale but at least one module in design has a timescale.
WARNING: [XSIM 43-4099] "G:/ECN_104/main.v" Line 149. Module black doesn't have a timescale but at least one module in design has a timescale.
WARNING: [XSIM 43-4099] "G:/ECN_104/main.v" Line 149. Module black doesn't have a timescale but at least one module in design has a timescale.
WARNING: [XSIM 43-4099] "G:/ECN_104/main.v" Line 149. Module black doesn't have a timescale but at least one module in design has a timescale.
WARNING: [XSIM 43-4099] "G:/ECN_104/main.v" Line 141. Module grey doesn't have a timescale but at least one module in design has a timescale.
WARNING: [XSIM 43-4099] "G:/ECN_104/main.v" Line 149. Module black doesn't have a timescale but at least one module in design has a timescale.
WARNING: [XSIM 43-4099] "G:/ECN_104/main.v" Line 149. Module black doesn't have a timescale but at least one module in design has a timescale.
WARNING: [XSIM 43-4099] "G:/ECN_104/main.v" Line 149. Module black doesn't have a timescale but at least one module in design has a timescale.
WARNING: [XSIM 43-4099] "G:/ECN_104/main.v" Line 149. Module black doesn't have a timescale but at least one module in design has a timescale.
WARNING: [XSIM 43-4099] "G:/ECN_104/main.v" Line 149. Module black doesn't have a timescale but at least one module in design has a timescale.
WARNING: [XSIM 43-4099] "G:/ECN_104/main.v" Line 149. Module black doesn't have a timescale but at least one module in design has a timescale.
WARNING: [XSIM 43-4099] "G:/ECN_104/main.v" Line 141. Module grey doesn't have a timescale but at least one module in design has a timescale.
WARNING: [XSIM 43-4099] "G:/ECN_104/main.v" Line 141. Module grey doesn't have a timescale but at least one module in design has a timescale.
WARNING: [XSIM 43-4099] "G:/ECN_104/main.v" Line 149. Module black doesn't have a timescale but at least one module in design has a timescale.
WARNING: [XSIM 43-4099] "G:/ECN_104/main.v" Line 149. Module black doesn't have a timescale but at least one module in design has a timescale.
WARNING: [XSIM 43-4099] "G:/ECN_104/main.v" Line 141. Module grey doesn't have a timescale but at least one module in design has a timescale.
WARNING: [XSIM 43-4099] "G:/ECN_104/main.v" Line 141. Module grey doesn't have a timescale but at least one module in design has a timescale.
WARNING: [XSIM 43-4099] "G:/ECN_104/main.v" Line 141. Module grey doesn't have a timescale but at least one module in design has a timescale.
WARNING: [XSIM 43-4099] "G:/ECN_104/main.v" Line 141. Module grey doesn't have a timescale but at least one module in design has a timescale.
WARNING: [XSIM 43-4099] "G:/ECN_104/main.v" Line 141. Module grey doesn't have a timescale but at least one module in design has a timescale.
WARNING: [XSIM 43-4099] "G:/ECN_104/main.v" Line 141. Module grey doesn't have a timescale but at least one module in design has a timescale.
WARNING: [XSIM 43-4099] "G:/ECN_104/main.v" Line 141. Module grey doesn't have a timescale but at least one module in design has a timescale.
WARNING: [XSIM 43-4099] "G:/ECN_104/main.v" Line 141. Module grey doesn't have a timescale but at least one module in design has a timescale.
WARNING: [XSIM 43-4099] "G:/ECN_104/main.v" Line 141. Module grey doesn't have a timescale but at least one module in design has a timescale.
WARNING: [XSIM 43-4099] "G:/ECN_104/main.v" Line 141. Module grey doesn't have a timescale but at least one module in design has a timescale.
WARNING: [XSIM 43-4099] "G:/ECN_104/main.v" Line 141. Module grey doesn't have a timescale but at least one module in design has a timescale.
WARNING: [XSIM 43-4099] "G:/ECN_104/main.v" Line 141. Module grey doesn't have a timescale but at least one module in design has a timescale.
WARNING: [XSIM 43-4099] "G:/ECN_104/main.v" Line 141. Module grey doesn't have a timescale but at least one module in design has a timescale.
WARNING: [XSIM 43-4099] "G:/ECN_104/main.v" Line 141. Module grey doesn't have a timescale but at least one module in design has a timescale.
WARNING: [XSIM 43-4099] "G:/ECN_104/main.v" Line 141. Module grey doesn't have a timescale but at least one module in design has a timescale.
Completed simulation data flow analysis
Time Resolution for simulation is 1ps
Compiling module xil_defaultlib.pre_process
Compiling module xil_defaultlib.black
Compiling module xil_defaultlib.grey
Compiling module xil_defaultlib.han_carlson
Compiling module xil_defaultlib.adder_20
Compiling module xil_defaultlib.simu
Compiling module xil_defaultlib.glbl
Built simulation snapshot simu_behav
