INFO: [VRFC 10-2263] Analyzing Verilog file "G:/ECN_104/main.v" into library xil_defaultlib
INFO: [VRFC 10-311] analyzing module adder_20
INFO: [VRFC 10-311] analyzing module han_carlson
INFO: [VRFC 10-2458] undeclared symbol p19_18, assumed default net type wire [G:/ECN_104/main.v:52]
INFO: [VRFC 10-2458] undeclared symbol g19_18, assumed default net type wire [G:/ECN_104/main.v:52]
INFO: [VRFC 10-2458] undeclared symbol p17_16, assumed default net type wire [G:/ECN_104/main.v:53]
INFO: [VRFC 10-2458] undeclared symbol g17_16, assumed default net type wire [G:/ECN_104/main.v:53]
INFO: [VRFC 10-2458] undeclared symbol p15_14, assumed default net type wire [G:/ECN_104/main.v:54]
INFO: [VRFC 10-2458] undeclared symbol g15_14, assumed default net type wire [G:/ECN_104/main.v:54]
INFO: [VRFC 10-2458] undeclared symbol p13_12, assumed default net type wire [G:/ECN_104/main.v:55]
INFO: [VRFC 10-2458] undeclared symbol g13_12, assumed default net type wire [G:/ECN_104/main.v:55]
INFO: [VRFC 10-2458] undeclared symbol p11_10, assumed default net type wire [G:/ECN_104/main.v:56]
INFO: [VRFC 10-2458] undeclared symbol g11_10, assumed default net type wire [G:/ECN_104/main.v:56]
INFO: [VRFC 10-2458] undeclared symbol p9_8, assumed default net type wire [G:/ECN_104/main.v:57]
INFO: [VRFC 10-2458] undeclared symbol g9_8, assumed default net type wire [G:/ECN_104/main.v:57]
INFO: [VRFC 10-2458] undeclared symbol p7_6, assumed default net type wire [G:/ECN_104/main.v:58]
INFO: [VRFC 10-2458] undeclared symbol g7_6, assumed default net type wire [G:/ECN_104/main.v:58]
INFO: [VRFC 10-2458] undeclared symbol p5_4, assumed default net type wire [G:/ECN_104/main.v:59]
INFO: [VRFC 10-2458] undeclared symbol g5_4, assumed default net type wire [G:/ECN_104/main.v:59]
INFO: [VRFC 10-2458] undeclared symbol p3_2, assumed default net type wire [G:/ECN_104/main.v:60]
INFO: [VRFC 10-2458] undeclared symbol g3_2, assumed default net type wire [G:/ECN_104/main.v:60]
INFO: [VRFC 10-2458] undeclared symbol g1_0, assumed default net type wire [G:/ECN_104/main.v:61]
INFO: [VRFC 10-2458] undeclared symbol p0_0, assumed default net type wire [G:/ECN_104/main.v:63]
INFO: [VRFC 10-2458] undeclared symbol g0_0, assumed default net type wire [G:/ECN_104/main.v:64]
INFO: [VRFC 10-2458] undeclared symbol p2_2, assumed default net type wire [G:/ECN_104/main.v:65]
INFO: [VRFC 10-2458] undeclared symbol g2_2, assumed default net type wire [G:/ECN_104/main.v:66]
INFO: [VRFC 10-2458] undeclared symbol p4_4, assumed default net type wire [G:/ECN_104/main.v:67]
INFO: [VRFC 10-2458] undeclared symbol g4_4, assumed default net type wire [G:/ECN_104/main.v:68]
INFO: [VRFC 10-2458] undeclared symbol p6_6, assumed default net type wire [G:/ECN_104/main.v:69]
INFO: [VRFC 10-2458] undeclared symbol g6_6, assumed default net type wire [G:/ECN_104/main.v:70]
INFO: [VRFC 10-2458] undeclared symbol p8_8, assumed default net type wire [G:/ECN_104/main.v:71]
INFO: [VRFC 10-2458] undeclared symbol g8_8, assumed default net type wire [G:/ECN_104/main.v:72]
INFO: [VRFC 10-2458] undeclared symbol p10_10, assumed default net type wire [G:/ECN_104/main.v:73]
INFO: [VRFC 10-2458] undeclared symbol g10_10, assumed default net type wire [G:/ECN_104/main.v:74]
INFO: [VRFC 10-2458] undeclared symbol p12_12, assumed default net type wire [G:/ECN_104/main.v:75]
INFO: [VRFC 10-2458] undeclared symbol g12_12, assumed default net type wire [G:/ECN_104/main.v:76]
INFO: [VRFC 10-2458] undeclared symbol p14_14, assumed default net type wire [G:/ECN_104/main.v:77]
INFO: [VRFC 10-2458] undeclared symbol g14_14, assumed default net type wire [G:/ECN_104/main.v:78]
INFO: [VRFC 10-2458] undeclared symbol p16_16, assumed default net type wire [G:/ECN_104/main.v:79]
INFO: [VRFC 10-2458] undeclared symbol g16_16, assumed default net type wire [G:/ECN_104/main.v:80]
INFO: [VRFC 10-2458] undeclared symbol p18_18, assumed default net type wire [G:/ECN_104/main.v:81]
INFO: [VRFC 10-2458] undeclared symbol g18_18, assumed default net type wire [G:/ECN_104/main.v:82]
INFO: [VRFC 10-2458] undeclared symbol p19_16, assumed default net type wire [G:/ECN_104/main.v:84]
INFO: [VRFC 10-2458] undeclared symbol g19_16, assumed default net type wire [G:/ECN_104/main.v:84]
INFO: [VRFC 10-2458] undeclared symbol p17_14, assumed default net type wire [G:/ECN_104/main.v:85]
INFO: [VRFC 10-2458] undeclared symbol g17_14, assumed default net type wire [G:/ECN_104/main.v:85]
INFO: [VRFC 10-2458] undeclared symbol p15_12, assumed default net type wire [G:/ECN_104/main.v:86]
INFO: [VRFC 10-2458] undeclared symbol g15_12, assumed default net type wire [G:/ECN_104/main.v:86]
INFO: [VRFC 10-2458] undeclared symbol p13_10, assumed default net type wire [G:/ECN_104/main.v:87]
INFO: [VRFC 10-2458] undeclared symbol g13_10, assumed default net type wire [G:/ECN_104/main.v:87]
INFO: [VRFC 10-2458] undeclared symbol p11_8, assumed default net type wire [G:/ECN_104/main.v:88]
INFO: [VRFC 10-2458] undeclared symbol g11_8, assumed default net type wire [G:/ECN_104/main.v:88]
INFO: [VRFC 10-2458] undeclared symbol p9_6, assumed default net type wire [G:/ECN_104/main.v:89]
INFO: [VRFC 10-2458] undeclared symbol g9_6, assumed default net type wire [G:/ECN_104/main.v:89]
INFO: [VRFC 10-2458] undeclared symbol p7_4, assumed default net type wire [G:/ECN_104/main.v:90]
INFO: [VRFC 10-2458] undeclared symbol g7_4, assumed default net type wire [G:/ECN_104/main.v:90]
INFO: [VRFC 10-2458] undeclared symbol p5_2, assumed default net type wire [G:/ECN_104/main.v:91]
INFO: [VRFC 10-2458] undeclared symbol g5_2, assumed default net type wire [G:/ECN_104/main.v:91]
INFO: [VRFC 10-2458] undeclared symbol g3_0, assumed default net type wire [G:/ECN_104/main.v:92]
INFO: [VRFC 10-2458] undeclared symbol p19_12, assumed default net type wire [G:/ECN_104/main.v:95]
INFO: [VRFC 10-2458] undeclared symbol g19_12, assumed default net type wire [G:/ECN_104/main.v:95]
INFO: [VRFC 10-2458] undeclared symbol p17_10, assumed default net type wire [G:/ECN_104/main.v:96]
INFO: [VRFC 10-2458] undeclared symbol g17_10, assumed default net type wire [G:/ECN_104/main.v:96]
INFO: [VRFC 10-2458] undeclared symbol p15_8, assumed default net type wire [G:/ECN_104/main.v:97]
INFO: [VRFC 10-2458] undeclared symbol g15_8, assumed default net type wire [G:/ECN_104/main.v:97]
INFO: [VRFC 10-2458] undeclared symbol p13_6, assumed default net type wire [G:/ECN_104/main.v:98]
INFO: [VRFC 10-2458] undeclared symbol g13_6, assumed default net type wire [G:/ECN_104/main.v:98]
INFO: [VRFC 10-2458] undeclared symbol p11_4, assumed default net type wire [G:/ECN_104/main.v:99]
INFO: [VRFC 10-2458] undeclared symbol g11_4, assumed default net type wire [G:/ECN_104/main.v:99]
INFO: [VRFC 10-2458] undeclared symbol p9_2, assumed default net type wire [G:/ECN_104/main.v:100]
INFO: [VRFC 10-2458] undeclared symbol g9_2, assumed default net type wire [G:/ECN_104/main.v:100]
INFO: [VRFC 10-2458] undeclared symbol g7_0, assumed default net type wire [G:/ECN_104/main.v:101]
INFO: [VRFC 10-2458] undeclared symbol g5_0, assumed default net type wire [G:/ECN_104/main.v:103]
INFO: [VRFC 10-2458] undeclared symbol p19_4, assumed default net type wire [G:/ECN_104/main.v:106]
INFO: [VRFC 10-2458] undeclared symbol g19_4, assumed default net type wire [G:/ECN_104/main.v:106]
INFO: [VRFC 10-2458] undeclared symbol p17_2, assumed default net type wire [G:/ECN_104/main.v:107]
INFO: [VRFC 10-2458] undeclared symbol g17_2, assumed default net type wire [G:/ECN_104/main.v:107]
INFO: [VRFC 10-2458] undeclared symbol g15_0, assumed default net type wire [G:/ECN_104/main.v:108]
INFO: [VRFC 10-2458] undeclared symbol g13_0, assumed default net type wire [G:/ECN_104/main.v:110]
INFO: [VRFC 10-2458] undeclared symbol g11_0, assumed default net type wire [G:/ECN_104/main.v:112]
INFO: [VRFC 10-2458] undeclared symbol g9_0, assumed default net type wire [G:/ECN_104/main.v:114]
INFO: [VRFC 10-2458] undeclared symbol g19_0, assumed default net type wire [G:/ECN_104/main.v:117]
INFO: [VRFC 10-2458] undeclared symbol g17_0, assumed default net type wire [G:/ECN_104/main.v:119]
INFO: [VRFC 10-311] analyzing module pre_process
INFO: [VRFC 10-311] analyzing module grey
INFO: [VRFC 10-311] analyzing module black
INFO: [VRFC 10-2263] Analyzing Verilog file "G:/ECN_104/test_bench.v" into library xil_defaultlib
INFO: [VRFC 10-311] analyzing module simu
